<?xml version="1.0" encoding="UTF-8"?>
<!-- Generated by org.testng.reporters.JUnitReportReporter -->
<testsuite hostname="KHILT-9074" failures="0" tests="2" name="tests.E2ETest" time="7.946" errors="0" timestamp="2024-11-12T10:05:09 PKT" skipped="0">
  <testcase classname="tests.E2ETest" name="verifyTitleOfLandingPage" time="2.447"/>
  <system-out/>
  <testcase classname="tests.E2ETest" name="enterSearchItemOnLandingPage" time="5.499"/>
  <system-out/>
</testsuite> <!-- tests.E2ETest -->
